▲ Next.js 16.2.2 (Turbopack)
- Environments: .env

⚠ The "middleware" file convention is deprecated. Please use "proxy" instead. Learn more: https://nextjs.org/docs/messages/middleware-to-proxy
  Creating an optimized production build ...
✓ Compiled successfully in 6.5s
  Running TypeScript ...
  Finished TypeScript in 7.7s ...
  Collecting page data using 7 workers ...
  Generating static pages using 7 workers (0/12) ...
  Generating static pages using 7 workers (3/12) 
  Generating static pages using 7 workers (6/12) 
  Generating static pages using 7 workers (9/12) 
✓ Generating static pages using 7 workers (12/12) in 502ms
  Finalizing page optimization ...

Route (app)
┌ ○ /
├ ○ /_not-found
├ ƒ /admin
├ ƒ /admin/clients
├ ƒ /admin/clients/[id]
├ ○ /admin/clients/new
├ ƒ /admin/colors
├ ƒ /admin/colors/[id]
├ ○ /admin/colors/new
├ ƒ /admin/guides
├ ƒ /admin/guides/[id]
├ ƒ /admin/guides/new
├ ƒ /admin/orders
├ ƒ /admin/orders/[id]
├ ƒ /admin/orders/[id]/edit
├ ƒ /admin/orders/new
├ ƒ /admin/providers
├ ƒ /admin/providers/[id]
├ ○ /admin/providers/new
├ ƒ /admin/services
├ ƒ /admin/services/[id]
├ ○ /admin/services/new
├ ƒ /admin/sizes
├ ƒ /admin/sizes/[id]
├ ○ /admin/sizes/new
├ ƒ /api/auth/login
├ ƒ /api/auth/logout
└ ○ /login


ƒ Proxy (Middleware)

○  (Static)   prerendered as static content
ƒ  (Dynamic)  server-rendered on demand

